Arguments: 
  /usr/bin/node /usr/share/yarn/bin/yarn.js add --dev webpack-dev-server

PATH: 
  /var/lib/gems/2.5.0/bin:/usr/local/sbin:/usr/local/bin:/usr/sbin:/usr/bin:/sbin:/bin:/usr/games:/usr/local/games:/snap/bin

Yarn version: 
  1.19.1

Node version: 
  8.10.0

Platform: 
  linux x64

Trace: 
  Error: getaddrinfo EAI_AGAIN registry.yarnpkg.com:443
      at Object._errnoException (util.js:1022:11)
      at errnoException (dns.js:55:15)
      at GetAddrInfoReqWrap.onlookup [as oncomplete] (dns.js:92:26)

npm manifest: 
  {
    "name": "rails_blog",
    "private": true,
    "dependencies": {
      "@rails/ujs": "^6.0.0-alpha",
      "turbolinks": "^5.2.0",
      "@rails/activestorage": "^6.0.0-alpha",
      "@rails/actioncable": "^6.0.0-alpha"
    },
    "version": "0.1.0"
  }

yarn manifest: 
  No manifest

Lockfile: 
  No lockfile
